2023-04-30 16:39:38,286 - my_logger - ERROR - 'price24Pcnt'
2023-04-30 16:39:38,286 - my_logger - ERROR - 'price24Pcnt'
2023-04-30 16:40:45,187 - my_logger - ERROR - 'price24Pcnt'
2023-04-30 16:40:45,187 - my_logger - ERROR - 'price24Pcnt'
2023-04-30 16:42:18,253 - my_logger - ERROR - 'price24hPcnt'
2023-04-30 16:42:18,253 - my_logger - ERROR - 'price24hPcnt'
2023-04-30 16:42:33,043 - my_logger - ERROR - 'price24hPcnt'
2023-04-30 16:42:33,043 - my_logger - ERROR - 'price24hPcnt'
2023-04-30 16:43:49,887 - my_logger - ERROR - 'str' object has no attribute 'append'
2023-04-30 16:43:49,887 - my_logger - ERROR - 'str' object has no attribute 'append'
2023-04-30 16:46:41,218 - my_logger - ERROR - 'str' object has no attribute 'append'
2023-04-30 16:46:41,218 - my_logger - ERROR - 'str' object has no attribute 'append'
2023-04-30 16:47:32,308 - my_logger - ERROR - 'str' object has no attribute 'append'
2023-04-30 16:47:32,309 - my_logger - ERROR - 'str' object has no attribute 'append'
2023-04-30 16:47:45,285 - my_logger - ERROR - 'str' object has no attribute 'append'
2023-04-30 16:47:45,285 - my_logger - ERROR - 'str' object has no attribute 'append'
2023-04-30 16:47:54,511 - my_logger - ERROR - 'NoneType' object has no attribute 'append'
2023-04-30 16:47:54,511 - my_logger - ERROR - 'NoneType' object has no attribute 'append'
2023-04-30 16:48:02,845 - my_logger - ERROR - 'str' object has no attribute 'append'
2023-04-30 16:48:02,845 - my_logger - ERROR - 'str' object has no attribute 'append'
2023-04-30 16:49:44,360 - my_logger - ERROR - 'NoneType' object has no attribute 'append'
2023-04-30 16:49:44,360 - my_logger - ERROR - 'NoneType' object has no attribute 'append'
2023-04-30 16:49:58,352 - my_logger - ERROR - 'str' object has no attribute 'append'
2023-04-30 16:49:58,352 - my_logger - ERROR - 'str' object has no attribute 'append'
2023-04-30 17:48:40,035 - my_logger - ERROR - local variable 'dict' referenced before assignment
2023-04-30 17:48:40,035 - my_logger - ERROR - local variable 'dict' referenced before assignment
2023-04-30 17:48:52,775 - my_logger - ERROR - local variable 'dict' referenced before assignment
2023-04-30 17:48:52,776 - my_logger - ERROR - local variable 'dict' referenced before assignment
